module_camera/build/outputs/logs/manifest-merger-debug-report.txt
-- Merging decision tree log ---
manifest
ADDED from main/module/AndroidManifest.xml:1:1-13:12
INJECTED from main/module/AndroidManifest.xml:1:1-13:12
INJECTED from main/module/AndroidManifest.xml:1:1-13:12
INJECTED from main/module/AndroidManifest.xml:1:1-13:12
INJECTED from main/module/AndroidManifest.xml:1:1-13:12
INJECTED from main/module/AndroidManifest.xml:1:1-13:12
INJECTED from main/module/AndroidManifest.xml:1:1-13:12
	package
		ADDED from main/module/AndroidManifest.xml:2:5-32
		INJECTED from main/module/AndroidManifest.xml
		INJECTED from main/module/AndroidManifest.xml
	android:versionName
		INJECTED from main/module/AndroidManifest.xml
		ADDED from main/module/AndroidManifest.xml:1:1-13:12
		INJECTED from main/module/AndroidManifest.xml
	android:versionCode
		INJECTED from main/module/AndroidManifest.xml
		ADDED from main/module/AndroidManifest.xml:1:1-13:12
		INJECTED from main/module/AndroidManifest.xml
	xmlns:android
		ADDED from main/module/AndroidManifest.xml:1:11-69
uses-permission#android.permission.WRITE_EXTERNAL_STORAGE
ADDED from main/module/AndroidManifest.xml:4:5-81
	android:name
		ADDED from main/module/AndroidManifest.xml:4:22-78
uses-permission#android.permission.READ_EXTERNAL_STORAGE
ADDED from main/module/AndroidManifest.xml:5:5-80
	android:name
		ADDED from main/module/AndroidManifest.xml:5:22-77
application
ADDED from main/module/AndroidManifest.xml:7:5-12:19
activity#me.csxiong.camera.ui.album.AlbumActivity
ADDED from main/module/AndroidManifest.xml:9:9-60
	android:name
		ADDED from main/module/AndroidManifest.xml:9:19-57
activity#me.csxiong.camera.ui.photo.PhotoActivity
ADDED from main/module/AndroidManifest.xml:11:9-60
	android:name
		ADDED from main/module/AndroidManifest.xml:11:19-57
uses-sdk
INJECTED from main/module/AndroidManifest.xml reason: use-sdk injection requested
INJECTED from main/module/AndroidManifest.xml
INJECTED from main/module/AndroidManifest.xml
INJECTED from main/module/AndroidManifest.xml
INJECTED from main/module/AndroidManifest.xml
	android:targetSdkVersion
		INJECTED from main/module/AndroidManifest.xml
		ADDED from main/module/AndroidManifest.xml
		INJECTED from main/module/AndroidManifest.xml
	android:minSdkVersion
		INJECTED from main/module/AndroidManifest.xml
		ADDED from main/module/AndroidManifest.xml
		INJECTED from main/module/AndroidManifest.xml